2021-03-15 10:54:24.303 [info] <0.44.0> Application lager started on node nonode@nohost
2021-03-15 10:54:24.306 [info] <0.44.0> Application xmerl started on node nonode@nohost
2021-03-15 10:54:24.312 [info] <0.44.0> Application sasl started on node nonode@nohost
2021-03-15 10:54:24.312 [info] <0.44.0> Application tools started on node nonode@nohost
2021-03-15 10:54:24.312 [info] <0.44.0> Application jsx started on node nonode@nohost
2021-03-15 10:54:24.313 [info] <0.44.0> Application recon started on node nonode@nohost
2021-03-15 10:54:24.361 [info] <0.44.0> Application credentials_obfuscation started on node nonode@nohost
2021-03-15 10:54:24.361 [info] <0.44.0> Application rabbit_common started on node nonode@nohost
2021-03-15 10:54:24.370 [info] <0.44.0> Application amqp_client started on node nonode@nohost
2021-03-15 10:54:24.375 [info] <0.44.0> Application amqp started on node nonode@nohost
2021-03-15 10:54:24.375 [info] <0.44.0> Application rabbitmq started on node nonode@nohost
2021-03-15 10:56:12.412 [info] <0.44.0> Application lager started on node nonode@nohost
2021-03-15 10:56:12.414 [info] <0.44.0> Application xmerl started on node nonode@nohost
2021-03-15 10:56:12.417 [info] <0.44.0> Application sasl started on node nonode@nohost
2021-03-15 10:56:12.417 [info] <0.44.0> Application tools started on node nonode@nohost
2021-03-15 10:56:12.417 [info] <0.44.0> Application jsx started on node nonode@nohost
2021-03-15 10:56:12.417 [info] <0.44.0> Application recon started on node nonode@nohost
2021-03-15 10:56:12.464 [info] <0.44.0> Application credentials_obfuscation started on node nonode@nohost
2021-03-15 10:56:12.464 [info] <0.44.0> Application rabbit_common started on node nonode@nohost
2021-03-15 10:56:12.472 [info] <0.44.0> Application amqp_client started on node nonode@nohost
2021-03-15 10:56:12.475 [info] <0.44.0> Application amqp started on node nonode@nohost
2021-03-15 10:56:12.475 [info] <0.44.0> Application rabbitmq started on node nonode@nohost
2021-03-15 10:56:53.041 [warning] <0.253.0> AMQP 0-9-1 client call timeout was 60000 ms, is updated to a safe effective value of 70000 ms
2021-03-15 11:34:04.561 [warning] <0.95.0> AMQP 0-9-1 client call timeout was 60000 ms, is updated to a safe effective value of 70000 ms
2021-03-15 11:36:13.681 [warning] <0.95.0> AMQP 0-9-1 client call timeout was 60000 ms, is updated to a safe effective value of 70000 ms
2021-03-15 12:10:58.876 [warning] <0.248.0> Connection (<0.248.0>) closing: received hard error {'connection.close',320,<<"CONNECTION_FORCED - broker forced connection closure with reason 'shutdown'">>,0,0} from server
2021-03-15 12:14:52.531 [warning] <0.95.0> AMQP 0-9-1 client call timeout was 60000 ms, is updated to a safe effective value of 70000 ms
2021-03-15 17:23:13.419 [warning] <0.95.0> AMQP 0-9-1 client call timeout was 60000 ms, is updated to a safe effective value of 70000 ms
2021-03-15 17:23:55.596 [warning] <0.95.0> AMQP 0-9-1 client call timeout was 60000 ms, is updated to a safe effective value of 70000 ms
2021-03-23 17:39:06.753 [warning] <0.95.0> AMQP 0-9-1 client call timeout was 60000 ms, is updated to a safe effective value of 70000 ms
2021-03-23 17:40:43.371 [warning] <0.95.0> AMQP 0-9-1 client call timeout was 60000 ms, is updated to a safe effective value of 70000 ms
2021-03-23 17:42:56.962 [warning] <0.95.0> AMQP 0-9-1 client call timeout was 60000 ms, is updated to a safe effective value of 70000 ms
2021-03-23 17:44:23.972 [warning] <0.95.0> AMQP 0-9-1 client call timeout was 60000 ms, is updated to a safe effective value of 70000 ms
2021-03-23 17:44:32.183 [warning] <0.95.0> AMQP 0-9-1 client call timeout was 60000 ms, is updated to a safe effective value of 70000 ms
2021-03-23 17:50:07.736 [warning] <0.95.0> AMQP 0-9-1 client call timeout was 60000 ms, is updated to a safe effective value of 70000 ms
2021-03-23 17:50:43.266 [warning] <0.95.0> AMQP 0-9-1 client call timeout was 60000 ms, is updated to a safe effective value of 70000 ms
2021-03-23 17:53:54.487 [warning] <0.95.0> AMQP 0-9-1 client call timeout was 60000 ms, is updated to a safe effective value of 70000 ms
2021-03-23 17:54:01.033 [warning] <0.95.0> AMQP 0-9-1 client call timeout was 60000 ms, is updated to a safe effective value of 70000 ms
2021-03-23 17:58:21.440 [warning] <0.95.0> AMQP 0-9-1 client call timeout was 60000 ms, is updated to a safe effective value of 70000 ms
2021-03-23 17:58:24.652 [warning] <0.95.0> AMQP 0-9-1 client call timeout was 60000 ms, is updated to a safe effective value of 70000 ms
